<?xml version="1.0" encoding="UTF-8"?>
<!-- Generated by org.testng.reporters.JUnitReportReporter -->
<testsuite hostname="DESKTOP-MSLQ2QG" name="packTwo.Annotations" tests="3" failures="0" timestamp="21 Oct 2015 20:37:55 GMT" time="0.003" errors="0">
  <testcase name="FlightCancel" time="0.001" classname="packTwo.Annotations"/>
  <testcase name="OpeningBrowser" time="0.001" classname="packTwo.Annotations"/>
  <testcase name="FlightBooking" time="0.001" classname="packTwo.Annotations"/>
</testsuite>
