<?xml version="1.0" encoding="UTF-8"?>
<!-- Generated by org.testng.reporters.JUnitReportReporter -->
<testsuite hostname="DESKTOP-MSLQ2QG" name="testngFiles.Annot2" tests="1" failures="0" timestamp="21 Oct 2015 20:37:55 GMT" time="0.001" errors="0">
  <testcase name="software" time="0.001" classname="testngFiles.Annot2"/>
</testsuite>
