<?xml version="1.0" encoding="UTF-8"?>
<!-- Generated by org.testng.reporters.JUnitReportReporter -->
<testsuite hostname="DESKTOP-MSLQ2QG" name="packTwo.DependenyAnnot" tests="3" failures="0" timestamp="21 Oct 2015 20:37:55 GMT" time="0.016" errors="0">
  <testcase name="OpeningBrowser" time="0.007" classname="packTwo.DependenyAnnot"/>
  <testcase name="FlightBooking" time="0.000" classname="packTwo.DependenyAnnot"/>
  <testcase name="Timerelated" time="0.009" classname="packTwo.DependenyAnnot"/>
</testsuite>
