<?xml version="1.0" encoding="UTF-8"?>
<!-- Generated by org.testng.reporters.JUnitReportReporter -->
<testsuite hostname="DESKTOP-MSLQ2QG" name="testngFiles.DependenyAnnot" tests="3" failures="0" timestamp="21 Oct 2015 20:37:55 GMT" time="0.005" errors="0">
  <testcase name="FlightBooking" time="0.002" classname="testngFiles.DependenyAnnot"/>
  <testcase name="Timerelated" time="0.002" classname="testngFiles.DependenyAnnot"/>
  <testcase name="OpeningBrowser" time="0.001" classname="testngFiles.DependenyAnnot"/>
</testsuite>
